<?xml version="1.0" encoding="UTF-8"?>
<coverage generated="1618150349">
  <project timestamp="1618150349">
    <package name="PinkCrab\BladeOne">
      <file name="/shared/httpd/php/htdocs/pc_modules/BladeOne_Provider/src/BladeOne_Provider.php">
        <class name="PinkCrab\BladeOne\BladeOne_Provider" namespace="PinkCrab\BladeOne" fullPackage="BladeOne">
          <metrics complexity="15" methods="8" coveredmethods="8" conditionals="0" coveredconditionals="0" statements="24" coveredstatements="24" elements="32" coveredelements="32"/>
        </class>
        <line num="46" type="method" name="__construct" visibility="protected" complexity="1" crap="1" count="1"/>
        <line num="47" type="stmt" count="1"/>
        <line num="48" type="stmt" count="1"/>
        <line num="58" type="method" name="init" visibility="public" complexity="1" crap="1" count="1"/>
        <line num="63" type="stmt" count="1"/>
        <line num="71" type="method" name="get_blade" visibility="public" complexity="1" crap="1" count="1"/>
        <line num="72" type="stmt" count="1"/>
        <line num="83" type="method" name="render" visibility="public" complexity="2" crap="2" count="2"/>
        <line num="84" type="stmt" count="2"/>
        <line num="85" type="stmt" count="1"/>
        <line num="87" type="stmt" count="1"/>
        <line num="89" type="stmt" count="1"/>
        <line num="99" type="method" name="__call" visibility="public" complexity="2" crap="2" count="3"/>
        <line num="100" type="stmt" count="3"/>
        <line num="101" type="stmt" count="2"/>
        <line num="104" type="stmt" count="1"/>
        <line num="115" type="method" name="__callStatic" visibility="public" complexity="2" crap="2" count="3"/>
        <line num="116" type="stmt" count="3"/>
        <line num="117" type="stmt" count="2"/>
        <line num="120" type="stmt" count="1"/>
        <line num="129" type="method" name="is_method" visibility="protected" complexity="3" crap="3" count="3"/>
        <line num="130" type="stmt" count="3"/>
        <line num="133" type="stmt" count="3"/>
        <line num="134" type="stmt" count="1"/>
        <line num="137" type="stmt" count="2"/>
        <line num="139" type="stmt" count="2"/>
        <line num="148" type="method" name="is_static_method" visibility="protected" complexity="3" crap="3" count="3"/>
        <line num="149" type="stmt" count="3"/>
        <line num="152" type="stmt" count="3"/>
        <line num="153" type="stmt" count="1"/>
        <line num="156" type="stmt" count="2"/>
        <line num="157" type="stmt" count="2"/>
        <metrics loc="161" ncloc="77" classes="1" methods="8" coveredmethods="8" conditionals="0" coveredconditionals="0" statements="24" coveredstatements="24" elements="32" coveredelements="32"/>
      </file>
    </package>
    <metrics files="1" loc="161" ncloc="77" classes="1" methods="8" coveredmethods="8" conditionals="0" coveredconditionals="0" statements="24" coveredstatements="24" elements="32" coveredelements="32"/>
  </project>
</coverage>
